C51 COMPILER V9.01   MAIN                                                                  04/05/2015 22:22:09 PAGE 1   


C51 COMPILER V9.01, COMPILATION OF MODULE MAIN
OBJECT MODULE PLACED IN main.OBJ
COMPILER INVOKED BY: D:\51单片机开发工具\keil\C51\BIN\C51.EXE main.c BROWSE DEBUG OBJECTEXTEND

line level    source

   1          /*
   2           *作者：李贵发
   3           *时间：2015-04-05
   4           *功能：单片机LED跑马灯
   5           *文件：main.c
   6           */
   7          #include<reg51.h>
   8          
   9          sbit LED_0=P2^0;
  10          sbit LED_1=P2^1;
  11          sbit LED_2=P2^2;
  12          sbit LED_3=P2^3;
  13          sbit LED_4=P2^4;
  14          sbit LED_5=P2^5;
  15          sbit LED_6=P2^6;
  16          sbit LED_7=P2^7;
  17          
  18          
  19          /*定义延时函数*/
  20          void display(int i)
  21          {
  22   1              while(i--);
  23   1      }
  24          
  25          /*根据参数点亮相应的灯*/
  26          void LED(int i)
  27          {
  28   1              P2=0x00;
  29   1              switch(i)
  30   1              {
  31   2                      case 0:LED_0=1;break;
  32   2                      case 1:LED_1=1;break;
  33   2                      case 2:LED_2=1;break;
  34   2                      case 3:LED_3=1;break;
  35   2                      case 4:LED_4=1;break;
  36   2                      case 5:LED_5=1;break;
  37   2                      case 6:LED_6=1;break;
  38   2                      case 7:LED_7=1;break;
  39   2              }
  40   1      }
  41          
  42          void main()
  43          {
  44   1              int i;
  45   1              while(1)
  46   1              {
  47   2                      for(i=0;i<=7;i++)
  48   2                      {
  49   3                              LED(i);
  50   3                              display(10000);
  51   3                      }
  52   2                      for(i=7;i>=0;i--)
  53   2                      {
  54   3                              LED(i);
  55   3                              display(10000);
C51 COMPILER V9.01   MAIN                                                                  04/05/2015 22:22:09 PAGE 2   

  56   3                      }
  57   2              }
  58   1      }
  59          


MODULE INFORMATION:   STATIC OVERLAYABLE
   CODE SIZE        =    128    ----
   CONSTANT SIZE    =   ----    ----
   XDATA SIZE       =   ----    ----
   PDATA SIZE       =   ----    ----
   DATA SIZE        =   ----    ----
   IDATA SIZE       =   ----    ----
   BIT SIZE         =   ----    ----
END OF MODULE INFORMATION.


C51 COMPILATION COMPLETE.  0 WARNING(S),  0 ERROR(S)
