C51 COMPILER V9.01   MAIN                                                                  04/05/2015 22:35:42 PAGE 1   


C51 COMPILER V9.01, COMPILATION OF MODULE MAIN
OBJECT MODULE PLACED IN main.OBJ
COMPILER INVOKED BY: D:\51单片机开发工具\keil\C51\BIN\C51.EXE main.c BROWSE DEBUG OBJECTEXTEND

line level    source

   1          /*
   2           *作者：李贵发
   3           *时间：2015-04-05
   4           *功能：让单片机的LED的两边一起亮
   5           *文件：main.c
   6           */
   7          #include<reg51.h>
   8          
   9          sbit LED_0=P2^0;
  10          sbit LED_1=P2^1;
  11          sbit LED_2=P2^2;
  12          sbit LED_3=P2^3;
  13          sbit LED_4=P2^4;
  14          sbit LED_5=P2^5;
  15          sbit LED_6=P2^6;
  16          sbit LED_7=P2^7;
  17          
  18          /*定义延时函数*/
  19          void display(int i)
  20          {
  21   1              while(i--);
  22   1      }
  23          
  24          /*定义LED选择函数*/
  25          void choose(int i)
  26          {
  27   1              switch(i)
  28   1              {
  29   2                      case 0:LED_0=1;break;
  30   2                      case 1:LED_1=1;break;
  31   2                      case 2:LED_2=1;break;
  32   2                      case 3:LED_3=1;break;
  33   2                      case 4:LED_4=1;break;
  34   2                      case 5:LED_5=1;break;
  35   2                      case 6:LED_6=1;break;
  36   2                      case 7:LED_7=1;break;
  37   2              }
  38   1      }
  39          
  40          /*根据参数点亮相应的灯*/
  41          void LED(int i,int j)
  42          {
  43   1              P2=0x00;
  44   1              choose(i);
  45   1              choose(j);
  46   1              display(10000);
  47   1      }
  48          
  49          void main()
  50          {
  51   1              int i,j;
  52   1              while(1)
  53   1              {
  54   2                      for(i=0,j=7;i<=7;i++,j--)
  55   2                      {
C51 COMPILER V9.01   MAIN                                                                  04/05/2015 22:35:42 PAGE 2   

  56   3                              LED(i,j);
  57   3                      }
  58   2                      for(i=0,j=7;i<=7;i++,j--)
  59   2                      {
  60   3                              LED(j,i);
  61   3                      }
  62   2              }
  63   1      }


MODULE INFORMATION:   STATIC OVERLAYABLE
   CODE SIZE        =    189    ----
   CONSTANT SIZE    =   ----    ----
   XDATA SIZE       =   ----    ----
   PDATA SIZE       =   ----    ----
   DATA SIZE        =   ----       2
   IDATA SIZE       =   ----    ----
   BIT SIZE         =   ----    ----
END OF MODULE INFORMATION.


C51 COMPILATION COMPLETE.  0 WARNING(S),  0 ERROR(S)
