C51 COMPILER V9.01   MAIN                                                                  04/05/2015 22:59:05 PAGE 1   


C51 COMPILER V9.01, COMPILATION OF MODULE MAIN
OBJECT MODULE PLACED IN main.OBJ
COMPILER INVOKED BY: D:\51单片机开发工具\keil\C51\BIN\C51.EXE main.c BROWSE DEBUG OBJECTEXTEND

line level    source

   1          /*
   2           *作者：李贵发
   3           *时间：2015-04-05
   4           *功能：让单片机的液晶屏显示数字
   5           *文件：main.c
   6           */
   7          #include<reg51.h>
   8          
   9          sbit LED_0=P2^0;
  10          sbit LED_1=P2^1;
  11          sbit LED_2=P2^2;
  12          sbit LED_3=P2^3;
  13          sbit LED_4=P2^4;
  14          sbit LED_5=P2^5;
  15          sbit LED_6=P2^6;
  16          sbit LED_7=P2^7;
  17          
  18          
  19          /*定义延时函数*/
  20          void display(int i)
  21          {
  22   1              while(i--);
  23   1      }
  24          
  25          /*定义数字0的引脚给电情况*/
  26          void Zero()
  27          {
  28   1              P2=0;
  29   1              LED_2=1;
  30   1              LED_3=1;
  31   1              LED_4=1;
  32   1              LED_5=1;
  33   1              LED_6=1;
  34   1              LED_7=1;
  35   1      }
  36          
  37          /*定义数字1的引脚给电情况*/
  38          void One()
  39          {
  40   1              P2=0;
  41   1              LED_5=1;
  42   1              LED_6=1;
  43   1      }
  44          
  45          /*定义数字2的引脚给电情况*/
  46          void Two()
  47          {
  48   1              P2=0;
  49   1              LED_1=0;
  50   1              LED_3=0;
  51   1              LED_4=0;
  52   1              LED_6=1;
  53   1              LED_7=1;
  54   1      }
  55          
C51 COMPILER V9.01   MAIN                                                                  04/05/2015 22:59:05 PAGE 2   

  56          /*定义数字3的引脚给电情况*/
  57          void Three()
  58          {
  59   1              P2=0;
  60   1              LED_1=1;
  61   1              LED_4=1;
  62   1              LED_5=1;
  63   1              LED_6=1;
  64   1              LED_7=1;
  65   1      }
  66          
  67          /*定义数字4的引脚给电情况*/
  68          void Four()
  69          {
  70   1              P2=0;
  71   1              LED_1=1;
  72   1              LED_2=1;
  73   1              LED_5=1;
  74   1              LED_6=1;
  75   1      }
  76          
  77          /*定义数字5的引脚给电情况*/
  78          void Five()
  79          {
  80   1              P2=0;
  81   1              LED_1=1;
  82   1              LED_2=1;
  83   1              LED_4=1;
  84   1              LED_5=1;
  85   1              LED_7=1;
  86   1      }
  87          
  88          /*定义数字6的引脚给电情况*/
  89          void Six()
  90          {
  91   1              P2=0;
  92   1              LED_1=1;
  93   1              LED_2=1;
  94   1              LED_3=1;
  95   1              LED_4=1;
  96   1              LED_5=1;
  97   1              LED_7=1;
  98   1      }
  99          
 100          /*定义数字7的引脚给电情况*/
 101          void Seven()
 102          {
 103   1              P2=0;
 104   1              LED_5=1;
 105   1              LED_6=1;
 106   1              LED_7=1;
 107   1      }
 108          
 109          /*定义数字8的引脚给电情况*/
 110          void Eight()
 111          {
 112   1              P2=0;
 113   1              LED_1=1;
 114   1              LED_2=1;
 115   1              LED_3=1;
 116   1              LED_4=1;
 117   1              LED_5=1;
C51 COMPILER V9.01   MAIN                                                                  04/05/2015 22:59:05 PAGE 3   

 118   1              LED_6=1;
 119   1              LED_7=1;
 120   1      }
 121          
 122          /*定义数字9的引脚给电情况*/
 123          void Nine()
 124          {
 125   1              P2=0;
 126   1              LED_1=1;
 127   1              LED_2=1;
 128   1              LED_4=1;
 129   1              LED_5=1;
 130   1              LED_6=1;
 131   1              LED_7=1;
 132   1      }
 133          
 134          /*定义选择函数*/
 135          void choose(int i)
 136          {
 137   1              switch(i)
 138   1              {
 139   2                      case 0:Zero();break;
 140   2                      case 1:One();break;
 141   2                      case 2:Two();break;
 142   2                      case 3:Three();break;
 143   2                      case 4:Four();break;
 144   2                      case 5:Five();break;
 145   2                      case 6:Six();break;
 146   2                      case 7:Seven();break;
 147   2                      case 8:Eight();break;
 148   2                      case 9:Nine();break;
 149   2              }
 150   1              display(100000);
 151   1      }
 152          
 153          void main()
 154          {
 155   1              int i;
 156   1              P2=0x00;
 157   1              while(1)
 158   1              {
 159   2                      for(i=0;i<=9;i++)
 160   2                      {
 161   3                              choose(i);
 162   3                      }
 163   2              }
 164   1      }


MODULE INFORMATION:   STATIC OVERLAYABLE
   CODE SIZE        =    276    ----
   CONSTANT SIZE    =   ----    ----
   XDATA SIZE       =   ----    ----
   PDATA SIZE       =   ----    ----
   DATA SIZE        =   ----    ----
   IDATA SIZE       =   ----    ----
   BIT SIZE         =   ----    ----
END OF MODULE INFORMATION.


C51 COMPILATION COMPLETE.  0 WARNING(S),  0 ERROR(S)
